<?xml version="1.0" encoding="UTF-8"?>
<testng-results ignored="0" total="7" passed="7" failed="0" skipped="0">
  <reporter-output>
  </reporter-output>
  <suite started-at="2019-11-01T19:57:25 IST" name="Report suit" finished-at="2019-11-01T20:00:54 IST" duration-ms="209922">
    <groups>
    </groups>
    <test started-at="2019-11-01T19:57:25 IST" name="Report Test" finished-at="2019-11-01T20:00:54 IST" duration-ms="209922">
      <class name="testNG.Test1">
        <test-method signature="add()[pri:0, instance:testNG.Test1@192c3f1e]" started-at="2019-11-01T20:00:54 IST" name="add" finished-at="2019-11-01T20:00:54 IST" duration-ms="11" status="PASS">
          <reporter-output>
          </reporter-output>
        </test-method> <!-- add -->
        <test-method signature="mul()[pri:0, instance:testNG.Test1@192c3f1e]" started-at="2019-11-01T20:00:54 IST" name="mul" finished-at="2019-11-01T20:00:54 IST" duration-ms="11" status="PASS">
          <reporter-output>
          </reporter-output>
        </test-method> <!-- mul -->
        <test-method signature="sub()[pri:0, instance:testNG.Test1@192c3f1e]" started-at="2019-11-01T20:00:54 IST" name="sub" finished-at="2019-11-01T20:00:54 IST" duration-ms="10" status="PASS">
          <reporter-output>
          </reporter-output>
        </test-method> <!-- sub -->
      </class> <!-- testNG.Test1 -->
      <class name="testNG2.TestOne">
        <test-method signature="One()[pri:1, instance:testNG2.TestOne@26b3fd41]" started-at="2019-11-01T20:00:54 IST" name="One" finished-at="2019-11-01T20:00:54 IST" duration-ms="48" status="PASS">
          <reporter-output>
          </reporter-output>
        </test-method> <!-- One -->
        <test-method signature="Two()[pri:2, instance:testNG2.TestOne@26b3fd41]" started-at="2019-11-01T20:00:54 IST" name="Two" finished-at="2019-11-01T20:00:54 IST" duration-ms="50" status="PASS">
          <reporter-output>
          </reporter-output>
        </test-method> <!-- Two -->
        <test-method signature="Third()[pri:3, instance:testNG2.TestOne@26b3fd41]" started-at="2019-11-01T20:00:54 IST" name="Third" finished-at="2019-11-01T20:00:54 IST" duration-ms="9" status="PASS">
          <reporter-output>
          </reporter-output>
        </test-method> <!-- Third -->
      </class> <!-- testNG2.TestOne -->
      <class name="testNG.Qthout1">
        <test-method is-config="true" signature="setUp()[pri:0, instance:testNG.Qthout1@1e178745]" started-at="2019-11-01T19:57:25 IST" name="setUp" finished-at="2019-11-01T19:57:55 IST" duration-ms="30511" status="PASS">
          <reporter-output>
          </reporter-output>
        </test-method> <!-- setUp -->
        <test-method signature="Login()[pri:0, instance:testNG.Qthout1@1e178745]" started-at="2019-11-01T19:57:55 IST" name="Login" finished-at="2019-11-01T20:00:54 IST" duration-ms="178999" status="PASS">
          <reporter-output>
          </reporter-output>
        </test-method> <!-- Login -->
      </class> <!-- testNG.Qthout1 -->
    </test> <!-- Report Test -->
  </suite> <!-- Report suit -->
</testng-results>
