<?xml version="1.0" encoding="UTF-8"?>
<!-- Generated by org.testng.reporters.JUnitXMLReporter -->
<testsuite ignored="0" hostname="Veeresham" failures="0" tests="7" name="Report Test" time="209.922" errors="0" timestamp="2019-11-01T20:00:55 IST">
  <testcase classname="testNG.Qthout1" name="Login" time="178.999"/>
  <testcase classname="testNG.Test1" name="add" time="0.011"/>
  <testcase classname="testNG.Test1" name="mul" time="0.011"/>
  <testcase classname="testNG.Test1" name="sub" time="0.01"/>
  <testcase classname="testNG2.TestOne" name="One" time="0.048"/>
  <testcase classname="testNG2.TestOne" name="Two" time="0.05"/>
  <testcase classname="testNG2.TestOne" name="Third" time="0.009"/>
</testsuite> <!-- Report Test -->
